2021-01-22 23:52:45.713 INFO  (main) [   ] o.e.j.u.log Logging initialized @2274ms to org.eclipse.jetty.util.log.Slf4jLog
2021-01-22 23:52:45.792 WARN  (main) [   ] o.e.j.x.XmlConfiguration Ignored arg: <Arg name="threadpool">
    <New id="threadpool" class="com.codahale.metrics.jetty9.InstrumentedQueuedThreadPool"><Arg name="registry">
        <Call id="solrJettyMetricRegistry" name="getOrCreate" class="com.codahale.metrics.SharedMetricRegistries"><Arg>solr.jetty</Arg></Call>
      </Arg></New>
  </Arg>
2021-01-22 23:52:45.965 INFO  (main) [   ] o.e.j.s.Server jetty-9.4.27.v20200227; built: 2020-02-27T18:37:21.340Z; git: a304fd9f351f337e7c0e2a7c28878dd536149c6c; jvm 11.0.8+10
2021-01-22 23:52:45.989 INFO  (main) [   ] o.e.j.d.p.ScanningAppProvider Deployment monitor [file:///Users/sheila/Code/solr-8.7.0/server/contexts/] at interval 0
2021-01-22 23:52:46.421 INFO  (main) [   ] o.e.j.w.StandardDescriptorProcessor NO JSP Support for /solr, did not find org.apache.jasper.servlet.JspServlet
2021-01-22 23:52:46.432 INFO  (main) [   ] o.e.j.s.session DefaultSessionIdManager workerName=node0
2021-01-22 23:52:46.432 INFO  (main) [   ] o.e.j.s.session No SessionScavenger set, using defaults
2021-01-22 23:52:46.435 INFO  (main) [   ] o.e.j.s.session node0 Scavenging every 600000ms
2021-01-22 23:52:46.505 INFO  (main) [   ] o.a.s.s.SolrDispatchFilter Using logger factory org.apache.logging.slf4j.Log4jLoggerFactory
2021-01-22 23:52:46.511 INFO  (main) [   ] o.a.s.s.SolrDispatchFilter  ___      _       Welcome to Apache Solr™ version 8.7.0
2021-01-22 23:52:46.511 INFO  (main) [   ] o.a.s.s.SolrDispatchFilter / __| ___| |_ _   Starting in standalone mode on port 8983
2021-01-22 23:52:46.511 INFO  (main) [   ] o.a.s.s.SolrDispatchFilter \__ \/ _ \ | '_|  Install dir: /Users/sheila/Code/solr-8.7.0
2021-01-22 23:52:46.512 INFO  (main) [   ] o.a.s.s.SolrDispatchFilter |___/\___/_|_|    Start time: 2021-01-22T23:52:46.512153Z
2021-01-22 23:52:46.543 INFO  (main) [   ] o.a.s.c.SolrPaths Using system property solr.solr.home: /Users/sheila/Code/solr-8.7.0/server/solr
2021-01-22 23:52:46.549 INFO  (main) [   ] o.a.s.c.SolrXmlConfig Loading container configuration from /Users/sheila/Code/solr-8.7.0/server/solr/solr.xml
2021-01-22 23:52:46.745 INFO  (main) [   ] o.a.s.c.SolrXmlConfig MBean server found: com.sun.jmx.mbeanserver.JmxMBeanServer@5f9be66c, but no JMX reporters were configured - adding default JMX reporter.
2021-01-22 23:52:47.433 INFO  (main) [   ] o.a.s.h.c.HttpShardHandlerFactory Host whitelist initialized: WhitelistHostChecker [whitelistHosts=null, whitelistHostCheckingEnabled=true]
2021-01-22 23:52:47.693 WARN  (main) [   ] o.e.j.u.s.S.config Trusting all certificates configured for Client@245ec1a6[provider=null,keyStore=null,trustStore=null]
2021-01-22 23:52:47.693 WARN  (main) [   ] o.e.j.u.s.S.config No Client EndPointIdentificationAlgorithm configured for Client@245ec1a6[provider=null,keyStore=null,trustStore=null]
2021-01-22 23:52:47.882 WARN  (main) [   ] o.e.j.u.s.S.config Trusting all certificates configured for Client@2370ac7a[provider=null,keyStore=null,trustStore=null]
2021-01-22 23:52:47.882 WARN  (main) [   ] o.e.j.u.s.S.config No Client EndPointIdentificationAlgorithm configured for Client@2370ac7a[provider=null,keyStore=null,trustStore=null]
2021-01-22 23:52:47.974 WARN  (main) [   ] o.a.s.c.CoreContainer Not all security plugins configured!  authentication=disabled authorization=disabled.  Solr is only as secure as you make it. Consider configuring authentication/authorization before exposing Solr to users internal or external.  See https://s.apache.org/solrsecurity for more info
2021-01-22 23:52:48.147 INFO  (main) [   ] o.a.s.c.TransientSolrCoreCacheDefault Allocating transient cache for 2147483647 transient cores
2021-01-22 23:52:48.150 INFO  (main) [   ] o.a.s.h.a.MetricsHistoryHandler No .system collection, keeping metrics history in memory.
2021-01-22 23:52:48.241 INFO  (main) [   ] o.a.s.m.r.SolrJmxReporter JMX monitoring for 'solr.node' (registry 'solr.node') enabled at server: com.sun.jmx.mbeanserver.JmxMBeanServer@5f9be66c
2021-01-22 23:52:48.241 INFO  (main) [   ] o.a.s.m.r.SolrJmxReporter JMX monitoring for 'solr.jvm' (registry 'solr.jvm') enabled at server: com.sun.jmx.mbeanserver.JmxMBeanServer@5f9be66c
2021-01-22 23:52:48.247 INFO  (main) [   ] o.a.s.m.r.SolrJmxReporter JMX monitoring for 'solr.jetty' (registry 'solr.jetty') enabled at server: com.sun.jmx.mbeanserver.JmxMBeanServer@5f9be66c
2021-01-22 23:52:48.319 INFO  (main) [   ] o.a.s.c.CorePropertiesLocator Found 1 core definitions underneath /Users/sheila/Code/solr-8.7.0/server/solr
2021-01-22 23:52:48.320 INFO  (main) [   ] o.a.s.c.CorePropertiesLocator Cores are: [solrhelp]
2021-01-22 23:52:48.375 INFO  (coreLoadExecutor-13-thread-1) [   x:solrhelp] o.a.s.c.SolrConfig Using Lucene MatchVersion: 8.7.0
2021-01-22 23:52:48.418 INFO  (main) [   ] o.e.j.s.h.ContextHandler Started o.e.j.w.WebAppContext@32f61a31{/solr,file:///Users/sheila/Code/solr-8.7.0/server/solr-webapp/webapp/,AVAILABLE}{/Users/sheila/Code/solr-8.7.0/server/solr-webapp/webapp}
2021-01-22 23:52:48.441 INFO  (main) [   ] o.e.j.s.AbstractConnector Started ServerConnector@55795845{HTTP/1.1, (http/1.1, h2c)}{0.0.0.0:8983}
2021-01-22 23:52:48.442 INFO  (main) [   ] o.e.j.s.Server Started @5006ms
2021-01-22 23:52:48.562 INFO  (coreLoadExecutor-13-thread-1) [   x:solrhelp] o.a.s.s.IndexSchema Schema name=default-config
2021-01-22 23:52:49.214 INFO  (coreLoadExecutor-13-thread-1) [   x:solrhelp] o.a.s.s.IndexSchema Loaded schema default-config/1.6 with uniqueid field id
2021-01-22 23:52:49.264 INFO  (coreLoadExecutor-13-thread-1) [   x:solrhelp] o.a.s.c.CoreContainer Creating SolrCore 'solrhelp' using configuration from instancedir /Users/sheila/Code/solr-8.7.0/server/solr/solrhelp, trusted=true
2021-01-22 23:52:49.298 INFO  (coreLoadExecutor-13-thread-1) [   x:solrhelp] o.a.s.m.r.SolrJmxReporter JMX monitoring for 'solr.core.solrhelp' (registry 'solr.core.solrhelp') enabled at server: com.sun.jmx.mbeanserver.JmxMBeanServer@5f9be66c
2021-01-22 23:52:49.312 INFO  (coreLoadExecutor-13-thread-1) [   x:solrhelp] o.a.s.c.SolrCore [[solrhelp] ] Opening new SolrCore at [/Users/sheila/Code/solr-8.7.0/server/solr/solrhelp], dataDir=[/Users/sheila/Code/solr-8.7.0/server/solr/solrhelp/data/]
2021-01-22 23:52:49.966 INFO  (coreLoadExecutor-13-thread-1) [   x:solrhelp] o.a.s.u.UpdateHandler Using UpdateLog implementation: org.apache.solr.update.UpdateLog
2021-01-22 23:52:49.966 INFO  (coreLoadExecutor-13-thread-1) [   x:solrhelp] o.a.s.u.UpdateLog Initializing UpdateLog: dataDir= defaultSyncLevel=FLUSH numRecordsToKeep=100 maxNumLogsToKeep=10 numVersionBuckets=65536
2021-01-22 23:52:49.978 INFO  (coreLoadExecutor-13-thread-1) [   x:solrhelp] o.a.s.u.CommitTracker Hard AutoCommit: if uncommitted for 15000ms; 
2021-01-22 23:52:49.978 INFO  (coreLoadExecutor-13-thread-1) [   x:solrhelp] o.a.s.u.CommitTracker Soft AutoCommit: disabled
2021-01-22 23:52:50.086 INFO  (coreLoadExecutor-13-thread-1) [   x:solrhelp] o.a.s.r.ManagedResourceStorage File-based storage initialized to use dir: /Users/sheila/Code/solr-8.7.0/server/solr/solrhelp/conf
2021-01-22 23:52:50.099 INFO  (coreLoadExecutor-13-thread-1) [   x:solrhelp] o.a.s.h.c.SpellCheckComponent Initializing spell checkers
2021-01-22 23:52:50.105 INFO  (coreLoadExecutor-13-thread-1) [   x:solrhelp] o.a.s.s.DirectSolrSpellChecker init: {name=default,field=_text_,classname=solr.DirectSolrSpellChecker,distanceMeasure=internal,accuracy=0.5,maxEdits=2,minPrefix=1,maxInspections=5,minQueryLength=4,maxQueryFrequency=0.01}
2021-01-22 23:52:50.114 INFO  (coreLoadExecutor-13-thread-1) [   x:solrhelp] o.a.s.h.ReplicationHandler Commits will be reserved for 10000 ms
2021-01-22 23:52:50.119 INFO  (coreLoadExecutor-13-thread-1) [   x:solrhelp] o.a.s.u.UpdateLog Could not find max version in index or recent updates, using new clock 1689632972596051968
2021-01-22 23:52:50.122 INFO  (searcherExecutor-15-thread-1-processing-x:solrhelp) [   x:solrhelp] o.a.s.c.QuerySenderListener QuerySenderListener done.
2021-01-22 23:52:50.122 INFO  (searcherExecutor-15-thread-1-processing-x:solrhelp) [   x:solrhelp] o.a.s.h.c.SpellCheckComponent Loading spell index for spellchecker: default
2021-01-22 23:52:50.128 INFO  (searcherExecutor-15-thread-1-processing-x:solrhelp) [   x:solrhelp] o.a.s.c.SolrCore [solrhelp]  Registered new searcher autowarm time: 0 ms
2021-01-22 23:53:44.686 INFO  (qtp1620529408-23) [   ] o.a.s.s.HttpSolrCall [admin] webapp=null path=/admin/cores params={indexInfo=false&wt=json&_=1611359624577} status=0 QTime=3
2021-01-22 23:53:44.696 INFO  (qtp1620529408-21) [   ] o.a.s.s.HttpSolrCall [admin] webapp=null path=/admin/info/system params={wt=json&_=1611359624578} status=0 QTime=13
2021-01-22 23:53:44.707 INFO  (qtp1620529408-16) [   ] o.a.s.s.HttpSolrCall [admin] webapp=null path=/admin/info/system params={wt=json&_=1611359624578} status=0 QTime=3
2021-01-22 23:53:54.021 INFO  (qtp1620529408-21) [   ] o.a.s.s.HttpSolrCall [admin] webapp=null path=/admin/cores params={indexInfo=false&wt=json&_=1611359624577} status=0 QTime=0
2021-01-22 23:53:54.032 INFO  (qtp1620529408-24) [   ] o.a.s.s.HttpSolrCall [admin] webapp=null path=/admin/info/system params={wt=json&_=1611359624578} status=0 QTime=3
2021-01-22 23:53:54.052 INFO  (qtp1620529408-21) [   x:solrhelp] o.a.s.c.S.Request [solrhelp]  webapp=/solr path=/admin/system params={wt=json&_=1611359634011} status=0 QTime=3
2021-01-22 23:53:54.063 INFO  (qtp1620529408-16) [   x:solrhelp] o.a.s.c.S.Request [solrhelp]  webapp=/solr path=/replication params={wt=json&command=details&_=1611359634012} status=0 QTime=12
2021-01-22 23:53:54.071 INFO  (qtp1620529408-40) [   x:solrhelp] o.a.s.c.S.Request [solrhelp]  webapp=/solr path=/admin/luke params={numTerms=0&show=index&wt=json&_=1611359634011} status=0 QTime=33
2021-01-22 23:53:54.075 INFO  (qtp1620529408-22) [   x:solrhelp] o.a.s.c.S.Request [solrhelp]  webapp=/solr path=/admin/ping params={action=status&wt=json&_=1611359624578&ts=1611359624578} status=503 QTime=10
2021-01-22 23:54:49.981 INFO  (qtp1620529408-23) [   ] o.a.s.s.HttpSolrCall [admin] webapp=null path=/admin/cores params={indexInfo=false&wt=json&_=1611359624577} status=0 QTime=0
2021-01-22 23:54:49.985 INFO  (qtp1620529408-23) [   x:solrhelp] o.a.s.c.S.Request [solrhelp]  webapp=/solr path=/admin/mbeans params={cat=QUERY&wt=json&_=1611359689964} status=0 QTime=0
2021-01-22 23:54:49.996 INFO  (qtp1620529408-19) [   ] o.a.s.s.HttpSolrCall [admin] webapp=null path=/admin/info/system params={wt=json&_=1611359624578} status=0 QTime=8
2021-01-22 23:54:50.043 INFO  (qtp1620529408-15) [   ] o.a.s.s.HttpSolrCall [admin] webapp=null path=/admin/cores params={indexInfo=false&wt=json&_=1611359624577} status=0 QTime=0
2021-01-22 23:54:50.055 INFO  (qtp1620529408-19) [   ] o.a.s.s.HttpSolrCall [admin] webapp=null path=/admin/info/system params={wt=json&_=1611359624578} status=0 QTime=4
2021-01-22 23:54:50.057 INFO  (qtp1620529408-23) [   x:solrhelp] o.a.s.c.S.Request [solrhelp]  webapp=/solr path=/admin/mbeans params={cat=QUERY&wt=json&_=1611359689964} status=0 QTime=0
2021-01-22 23:54:52.288 INFO  (qtp1620529408-19) [   ] o.a.s.s.HttpSolrCall [admin] webapp=null path=/admin/cores params={indexInfo=false&wt=json&_=1611359624577} status=0 QTime=0
2021-01-22 23:54:52.296 INFO  (qtp1620529408-15) [   ] o.a.s.s.HttpSolrCall [admin] webapp=null path=/admin/info/system params={wt=json&_=1611359624578} status=0 QTime=5
2021-01-22 23:54:52.315 INFO  (qtp1620529408-15) [   x:solrhelp] o.a.s.c.S.Request [solrhelp]  webapp=/solr path=/admin/luke params={show=schema&wt=json&_=1611359634011} status=0 QTime=13
2021-01-22 23:54:53.309 INFO  (qtp1620529408-19) [   ] o.a.s.s.HttpSolrCall [admin] webapp=null path=/admin/cores params={indexInfo=false&wt=json&_=1611359624577} status=0 QTime=0
2021-01-22 23:54:53.315 INFO  (qtp1620529408-23) [   x:solrhelp] o.a.s.c.S.Request [solrhelp]  webapp=/solr path=/admin/file params={wt=json&_=1611359693298} status=0 QTime=0
2021-01-22 23:54:53.331 INFO  (qtp1620529408-16) [   ] o.a.s.s.HttpSolrCall [admin] webapp=null path=/admin/info/system params={wt=json&_=1611359624578} status=0 QTime=17
2021-01-22 23:54:53.346 INFO  (qtp1620529408-19) [   x:solrhelp] o.a.s.c.S.Request [solrhelp]  webapp=/solr path=/admin/file params={file=lang&wt=json&_=1611359693298} status=0 QTime=2
2021-01-22 23:55:06.555 INFO  (qtp1620529408-15) [   ] o.a.s.s.HttpSolrCall [admin] webapp=null path=/admin/cores params={indexInfo=false&wt=json&_=1611359624577} status=0 QTime=0
2021-01-22 23:55:06.560 INFO  (qtp1620529408-16) [   ] o.a.s.s.HttpSolrCall [admin] webapp=null path=/admin/info/system params={wt=json&_=1611359624578} status=0 QTime=5
2021-01-22 23:55:06.585 INFO  (qtp1620529408-19) [   x:solrhelp] o.a.s.c.S.Request [solrhelp]  webapp=/solr path=/admin/segments params={wt=json&_=1611359706541} status=0 QTime=23
2021-01-22 23:55:14.230 INFO  (qtp1620529408-15) [   ] o.a.s.s.HttpSolrCall [admin] webapp=null path=/admin/cores params={indexInfo=false&wt=json&_=1611359624577} status=0 QTime=0
2021-01-22 23:55:14.235 INFO  (qtp1620529408-16) [   x:solrhelp] o.a.s.c.S.Request [solrhelp]  webapp=/solr path=/admin/ping params={action=status&wt=json&_=1611359624578&ts=1611359624578} status=503 QTime=0
2021-01-22 23:55:14.235 INFO  (qtp1620529408-19) [   x:solrhelp] o.a.s.c.S.Request [solrhelp]  webapp=/solr path=/admin/luke params={numTerms=0&show=index&wt=json&_=1611359634011} status=0 QTime=0
2021-01-22 23:55:14.236 INFO  (qtp1620529408-23) [   ] o.a.s.s.HttpSolrCall [admin] webapp=null path=/admin/info/system params={wt=json&_=1611359624578} status=0 QTime=5
2021-01-22 23:55:14.238 INFO  (qtp1620529408-23) [   x:solrhelp] o.a.s.c.S.Request [solrhelp]  webapp=/solr path=/replication params={wt=json&command=details&_=1611359634012} status=0 QTime=0
2021-01-22 23:55:14.240 INFO  (qtp1620529408-19) [   x:solrhelp] o.a.s.c.S.Request [solrhelp]  webapp=/solr path=/admin/system params={wt=json&_=1611359634011} status=0 QTime=3
2021-01-22 23:55:22.718 INFO  (qtp1620529408-18) [   ] o.a.s.s.HttpSolrCall [admin] webapp=null path=/admin/cores params={indexInfo=false&wt=json&_=1611359624577} status=0 QTime=0
2021-01-22 23:55:22.725 INFO  (qtp1620529408-19) [   ] o.a.s.s.HttpSolrCall [admin] webapp=null path=/admin/info/system params={wt=json&_=1611359624578} status=0 QTime=3
2021-01-22 23:55:22.725 INFO  (qtp1620529408-18) [   x:solrhelp] o.a.s.c.S.Request [solrhelp]  webapp=/solr path=/admin/luke params={show=schema&wt=json&_=1611359634011} status=0 QTime=1
2021-01-23 00:03:38.738 INFO  (qtp1620529408-44) [   ] o.a.s.s.HttpSolrCall [admin] webapp=null path=/admin/info/system params={wt=json} status=0 QTime=1
2021-01-25 01:35:53.774 INFO  (qtp1620529408-44) [   ] o.a.s.s.HttpSolrCall [admin] webapp=null path=/admin/info/system params={wt=json} status=0 QTime=60
2021-01-25 01:35:53.831 INFO  (qtp1620529408-20) [   x:solrcore] o.a.s.s.HttpSolrCall [admin] webapp=null path=/admin/cores params={core=solrcore&action=STATUS&wt=json} status=0 QTime=3
2021-01-25 01:35:53.881 INFO  (qtp1620529408-40) [   x:solrcore] o.a.s.h.a.CoreAdminOperation core create command name=solrcore&action=CREATE&instanceDir=solrcore&wt=json
2021-01-25 01:35:53.965 INFO  (qtp1620529408-40) [   x:solrcore] o.a.s.c.SolrConfig Using Lucene MatchVersion: 8.7.0
2021-01-25 01:35:54.138 INFO  (qtp1620529408-40) [   x:solrcore] o.a.s.s.IndexSchema Schema name=default-config
2021-01-25 01:35:54.612 INFO  (qtp1620529408-40) [   x:solrcore] o.a.s.s.IndexSchema Loaded schema default-config/1.6 with uniqueid field id
2021-01-25 01:35:54.652 INFO  (qtp1620529408-40) [   x:solrcore] o.a.s.c.CoreContainer Creating SolrCore 'solrcore' using configuration from instancedir /Users/sheila/Code/solr-8.7.0/server/solr/solrcore, trusted=true
2021-01-25 01:35:54.654 INFO  (qtp1620529408-40) [   x:solrcore] o.a.s.m.r.SolrJmxReporter JMX monitoring for 'solr.core.solrcore' (registry 'solr.core.solrcore') enabled at server: com.sun.jmx.mbeanserver.JmxMBeanServer@5f9be66c
2021-01-25 01:35:54.655 INFO  (qtp1620529408-40) [   x:solrcore] o.a.s.c.SolrCore [[solrcore] ] Opening new SolrCore at [/Users/sheila/Code/solr-8.7.0/server/solr/solrcore], dataDir=[/Users/sheila/Code/solr-8.7.0/server/solr/solrcore/data/]
2021-01-25 01:35:54.887 INFO  (qtp1620529408-40) [   x:solrcore] o.a.s.u.UpdateHandler Using UpdateLog implementation: org.apache.solr.update.UpdateLog
2021-01-25 01:35:54.888 INFO  (qtp1620529408-40) [   x:solrcore] o.a.s.u.UpdateLog Initializing UpdateLog: dataDir= defaultSyncLevel=FLUSH numRecordsToKeep=100 maxNumLogsToKeep=10 numVersionBuckets=65536
2021-01-25 01:35:54.893 INFO  (qtp1620529408-40) [   x:solrcore] o.a.s.u.CommitTracker Hard AutoCommit: if uncommitted for 15000ms; 
2021-01-25 01:35:54.893 INFO  (qtp1620529408-40) [   x:solrcore] o.a.s.u.CommitTracker Soft AutoCommit: disabled
2021-01-25 01:35:54.920 INFO  (qtp1620529408-40) [   x:solrcore] o.a.s.r.ManagedResourceStorage File-based storage initialized to use dir: /Users/sheila/Code/solr-8.7.0/server/solr/solrcore/conf
2021-01-25 01:35:54.921 INFO  (qtp1620529408-40) [   x:solrcore] o.a.s.h.c.SpellCheckComponent Initializing spell checkers
2021-01-25 01:35:54.921 INFO  (qtp1620529408-40) [   x:solrcore] o.a.s.s.DirectSolrSpellChecker init: {name=default,field=_text_,classname=solr.DirectSolrSpellChecker,distanceMeasure=internal,accuracy=0.5,maxEdits=2,minPrefix=1,maxInspections=5,minQueryLength=4,maxQueryFrequency=0.01}
2021-01-25 01:35:54.923 INFO  (qtp1620529408-40) [   x:solrcore] o.a.s.h.ReplicationHandler Commits will be reserved for 10000 ms
2021-01-25 01:35:54.924 INFO  (qtp1620529408-40) [   x:solrcore] o.a.s.u.UpdateLog Could not find max version in index or recent updates, using new clock 1689820651767988224
2021-01-25 01:35:54.925 INFO  (searcherExecutor-21-thread-1-processing-x:solrcore) [   x:solrcore] o.a.s.c.QuerySenderListener QuerySenderListener done.
2021-01-25 01:35:54.925 INFO  (searcherExecutor-21-thread-1-processing-x:solrcore) [   x:solrcore] o.a.s.h.c.SpellCheckComponent Loading spell index for spellchecker: default
2021-01-25 01:35:54.926 INFO  (qtp1620529408-40) [   ] o.a.s.s.HttpSolrCall [admin] webapp=null path=/admin/cores params={name=solrcore&action=CREATE&instanceDir=solrcore&wt=json} status=0 QTime=1047
2021-01-25 01:35:54.929 INFO  (searcherExecutor-21-thread-1-processing-x:solrcore) [   x:solrcore] o.a.s.c.SolrCore [solrcore]  Registered new searcher autowarm time: 0 ms
2021-01-25 02:07:18.442 INFO  (qtp1620529408-23) [   ] o.a.s.s.HttpSolrCall [admin] webapp=null path=/admin/info/system params={wt=json} status=0 QTime=3
2021-01-25 02:07:38.792 INFO  (qtp1620529408-40) [   ] o.a.s.s.HttpSolrCall [admin] webapp=null path=/admin/info/system params={wt=json} status=0 QTime=2
2021-01-25 02:07:38.813 INFO  (qtp1620529408-43) [   ] o.a.s.s.HttpSolrCall [admin] webapp=null path=/admin/cores params={core=solrcore&action=STATUS&wt=json} status=0 QTime=1
2021-01-25 02:08:05.229 INFO  (qtp1620529408-40) [   ] o.a.s.s.HttpSolrCall [admin] webapp=null path=/admin/info/system params={wt=json} status=0 QTime=2
2021-01-25 02:08:05.246 INFO  (qtp1620529408-43) [   x:solrnew] o.a.s.s.HttpSolrCall [admin] webapp=null path=/admin/cores params={core=solrnew&action=STATUS&wt=json} status=0 QTime=0
2021-01-25 02:08:05.299 INFO  (qtp1620529408-40) [   x:solrnew] o.a.s.h.a.CoreAdminOperation core create command name=solrnew&action=CREATE&instanceDir=solrnew&wt=json
2021-01-25 02:08:05.340 INFO  (qtp1620529408-40) [   x:solrnew] o.a.s.c.SolrResourceLoader Added 57 libs to classloader, from paths: [/Users/sheila/Code/solr-8.7.0/contrib/clustering/lib, /Users/sheila/Code/solr-8.7.0/contrib/extraction/lib, /Users/sheila/Code/solr-8.7.0/contrib/langid/lib, /Users/sheila/Code/solr-8.7.0/dist]
2021-01-25 02:08:05.619 INFO  (qtp1620529408-40) [   x:solrnew] o.a.s.c.SolrConfig Using Lucene MatchVersion: 7.7.3
2021-01-25 02:08:05.681 INFO  (qtp1620529408-40) [   x:solrnew] o.a.s.s.IndexSchema Schema name=default-config
2021-01-25 02:08:05.864 INFO  (qtp1620529408-40) [   x:solrnew] o.a.s.s.IndexSchema Loaded schema default-config/1.6 with uniqueid field id
2021-01-25 02:08:05.895 INFO  (qtp1620529408-40) [   x:solrnew] o.a.s.c.CoreContainer Creating SolrCore 'solrnew' using configuration from instancedir /Users/sheila/Code/solr-8.7.0/server/solr/solrnew, trusted=true
2021-01-25 02:08:05.895 INFO  (qtp1620529408-40) [   x:solrnew] o.a.s.m.r.SolrJmxReporter JMX monitoring for 'solr.core.solrnew' (registry 'solr.core.solrnew') enabled at server: com.sun.jmx.mbeanserver.JmxMBeanServer@5f9be66c
2021-01-25 02:08:05.896 INFO  (qtp1620529408-40) [   x:solrnew] o.a.s.c.SolrCore [[solrnew] ] Opening new SolrCore at [/Users/sheila/Code/solr-8.7.0/server/solr/solrnew], dataDir=[/Users/sheila/Code/solr-8.7.0/server/solr/solrnew/data/]
2021-01-25 02:08:05.943 INFO  (qtp1620529408-40) [   x:solrnew] o.a.s.r.XSLTResponseWriter xsltCacheLifetimeSeconds=5
2021-01-25 02:08:06.000 INFO  (qtp1620529408-40) [   x:solrnew] o.a.s.u.UpdateHandler Using UpdateLog implementation: org.apache.solr.update.UpdateLog
2021-01-25 02:08:06.001 INFO  (qtp1620529408-40) [   x:solrnew] o.a.s.u.UpdateLog Initializing UpdateLog: dataDir= defaultSyncLevel=FLUSH numRecordsToKeep=100 maxNumLogsToKeep=10 numVersionBuckets=65536
2021-01-25 02:08:06.004 INFO  (qtp1620529408-40) [   x:solrnew] o.a.s.u.CommitTracker Hard AutoCommit: if uncommitted for 15000ms; 
2021-01-25 02:08:06.004 INFO  (qtp1620529408-40) [   x:solrnew] o.a.s.u.CommitTracker Soft AutoCommit: disabled
2021-01-25 02:08:06.007 INFO  (qtp1620529408-40) [   x:solrnew] o.a.s.r.ManagedResourceStorage File-based storage initialized to use dir: /Users/sheila/Code/solr-8.7.0/server/solr/solrnew/conf
2021-01-25 02:08:06.008 INFO  (qtp1620529408-40) [   x:solrnew] o.a.s.h.c.SpellCheckComponent Initializing spell checkers
2021-01-25 02:08:06.008 INFO  (qtp1620529408-40) [   x:solrnew] o.a.s.s.DirectSolrSpellChecker init: {name=default,field=_text_,classname=solr.DirectSolrSpellChecker,distanceMeasure=internal,accuracy=0.5,maxEdits=2,minPrefix=1,maxInspections=5,minQueryLength=4,maxQueryFrequency=0.01}
2021-01-25 02:08:06.011 INFO  (qtp1620529408-40) [   x:solrnew] o.a.s.h.ReplicationHandler Commits will be reserved for 10000 ms
2021-01-25 02:08:06.012 INFO  (qtp1620529408-40) [   x:solrnew] o.a.s.u.UpdateLog Could not find max version in index or recent updates, using new clock 1689822676660518912
2021-01-25 02:08:06.013 INFO  (searcherExecutor-27-thread-1-processing-x:solrnew) [   x:solrnew] o.a.s.c.QuerySenderListener QuerySenderListener done.
2021-01-25 02:08:06.013 INFO  (searcherExecutor-27-thread-1-processing-x:solrnew) [   x:solrnew] o.a.s.h.c.SpellCheckComponent Loading spell index for spellchecker: default
2021-01-25 02:08:06.014 INFO  (qtp1620529408-40) [   ] o.a.s.s.HttpSolrCall [admin] webapp=null path=/admin/cores params={name=solrnew&action=CREATE&instanceDir=solrnew&wt=json} status=0 QTime=715
2021-01-25 02:08:06.016 INFO  (searcherExecutor-27-thread-1-processing-x:solrnew) [   x:solrnew] o.a.s.c.SolrCore [solrnew]  Registered new searcher autowarm time: 0 ms
2021-01-25 02:09:01.244 INFO  (qtp1620529408-43) [   x:solrnew] o.a.s.c.PluginBag Going to create a new requestHandler with {type = requestHandler,name = /update/extract,class = solr.extraction.ExtractingRequestHandler,attributes = {startup=lazy, name=/update/extract, class=solr.extraction.ExtractingRequestHandler},args = {defaults={lowernames=true,fmap.meta=ignored_,fmap.content=_text_,df=_text_}}} 
2021-01-25 02:09:02.456 INFO  (qtp1620529408-43) [   x:solrnew] o.a.s.s.ManagedIndexSchema Upgraded to managed schema at /Users/sheila/Code/solr-8.7.0/server/solr/solrnew/conf/managed-schema
2021-01-25 02:09:02.549 INFO  (qtp1620529408-43) [   x:solrnew] o.a.s.u.p.LogUpdateProcessorFactory [solrnew]  webapp=/solr path=/update/extract params={literal.id=https://factorpad.com/tech/solr/index.html&literal.url=https://factorpad.com/tech/solr/index.html}{add=[https://factorpad.com/tech/solr/index.html (1689822735855779840)]} 0 1305
2021-01-25 02:09:12.756 INFO  (searcherExecutor-27-thread-1-processing-x:solrnew) [   x:solrnew] o.a.s.c.QuerySenderListener QuerySenderListener done.
2021-01-25 02:09:12.764 INFO  (searcherExecutor-27-thread-1-processing-x:solrnew) [   x:solrnew] o.a.s.c.SolrCore [solrnew]  Registered new searcher autowarm time: 1 ms
2021-01-25 02:09:12.766 INFO  (qtp1620529408-24) [   x:solrnew] o.a.s.u.p.LogUpdateProcessorFactory [solrnew]  webapp=/solr path=/update/extract params={commit=true}{commit=} 0 205
2021-01-25 03:56:25.860 INFO  (qtp1620529408-24) [   ] o.a.s.s.HttpSolrCall [admin] webapp=null path=/admin/cores params={indexInfo=false&wt=json&_=1611546985733} status=0 QTime=0
2021-01-25 03:56:25.877 INFO  (qtp1620529408-23) [   ] o.a.s.s.HttpSolrCall [admin] webapp=null path=/admin/info/system params={wt=json&_=1611546985734} status=0 QTime=2
2021-01-25 03:56:25.883 INFO  (qtp1620529408-24) [   ] o.a.s.s.HttpSolrCall [admin] webapp=null path=/admin/info/system params={wt=json&_=1611546985734} status=0 QTime=2
2021-01-25 03:56:30.779 INFO  (qtp1620529408-24) [   ] o.a.s.s.HttpSolrCall [admin] webapp=null path=/admin/cores params={indexInfo=false&wt=json&_=1611546985733} status=0 QTime=0
2021-01-25 03:56:30.790 INFO  (qtp1620529408-23) [   ] o.a.s.s.HttpSolrCall [admin] webapp=null path=/admin/info/system params={wt=json&_=1611546985734} status=0 QTime=6
2021-01-25 03:56:30.797 INFO  (qtp1620529408-40) [   ] o.a.s.s.HttpSolrCall [admin] webapp=null path=/admin/cores params={wt=json&_=1611546985733} status=0 QTime=4
2021-01-25 03:56:30.908 INFO  (qtp1620529408-40) [   ] o.a.s.s.HttpSolrCall [admin] webapp=null path=/admin/cores params={indexInfo=false&wt=json&_=1611546985733} status=0 QTime=0
2021-01-25 03:56:30.921 INFO  (qtp1620529408-24) [   ] o.a.s.s.HttpSolrCall [admin] webapp=null path=/admin/info/system params={wt=json&_=1611546985734} status=0 QTime=7
2021-01-25 03:56:30.929 INFO  (qtp1620529408-23) [   ] o.a.s.s.HttpSolrCall [admin] webapp=null path=/admin/cores params={wt=json&_=1611546985733} status=0 QTime=11
2021-01-25 03:56:41.562 INFO  (qtp1620529408-20) [   ] o.a.s.s.HttpSolrCall [admin] webapp=null path=/admin/cores params={indexInfo=false&wt=json&_=1611546985733} status=0 QTime=0
2021-01-25 03:56:41.565 INFO  (qtp1620529408-24) [   ] o.a.s.s.HttpSolrCall [admin] webapp=null path=/admin/info/system params={wt=json&_=1611546985734} status=0 QTime=3
2021-01-25 03:56:41.566 INFO  (qtp1620529408-23) [   ] o.a.s.s.HttpSolrCall [admin] webapp=null path=/admin/cores params={wt=json&_=1611546985733} status=0 QTime=1
2021-01-25 03:56:43.585 INFO  (qtp1620529408-20) [   ] o.a.s.s.HttpSolrCall [admin] webapp=null path=/admin/cores params={indexInfo=false&wt=json&_=1611546985733} status=0 QTime=0
2021-01-25 03:56:43.589 INFO  (qtp1620529408-24) [   ] o.a.s.s.HttpSolrCall [admin] webapp=null path=/admin/cores params={wt=json&_=1611546985733} status=0 QTime=3
2021-01-25 03:56:43.589 INFO  (qtp1620529408-40) [   ] o.a.s.s.HttpSolrCall [admin] webapp=null path=/admin/info/system params={wt=json&_=1611546985734} status=0 QTime=4
2021-01-25 03:56:48.218 INFO  (qtp1620529408-43) [   ] o.a.s.s.HttpSolrCall [admin] webapp=null path=/admin/cores params={indexInfo=false&wt=json&_=1611546985733} status=0 QTime=0
2021-01-25 03:56:48.223 INFO  (qtp1620529408-40) [   ] o.a.s.s.HttpSolrCall [admin] webapp=null path=/admin/info/system params={wt=json&_=1611546985734} status=0 QTime=3
2021-01-25 03:56:48.224 INFO  (qtp1620529408-23) [   ] o.a.s.s.HttpSolrCall [admin] webapp=null path=/admin/cores params={wt=json&_=1611546985733} status=0 QTime=4
2021-01-25 03:59:16.790 INFO  (qtp1620529408-43) [   ] o.a.s.s.HttpSolrCall [admin] webapp=null path=/admin/cores params={indexInfo=false&wt=json&_=1611546985733} status=0 QTime=0
2021-01-25 03:59:16.802 INFO  (qtp1620529408-20) [   ] o.a.s.s.HttpSolrCall [admin] webapp=null path=/admin/info/system params={wt=json&_=1611546985734} status=0 QTime=3
2021-01-25 03:59:16.803 INFO  (qtp1620529408-44) [   ] o.a.s.s.HttpSolrCall [admin] webapp=null path=/admin/info/properties params={wt=json&_=1611547156768} status=0 QTime=1
2021-01-25 03:59:22.954 INFO  (qtp1620529408-44) [   ] o.a.s.s.HttpSolrCall [admin] webapp=null path=/admin/cores params={indexInfo=false&wt=json&_=1611546985733} status=0 QTime=0
2021-01-25 03:59:22.959 INFO  (qtp1620529408-43) [   ] o.a.s.s.HttpSolrCall [admin] webapp=null path=/admin/info/system params={wt=json&_=1611546985734} status=0 QTime=3
2021-01-25 03:59:23.021 INFO  (qtp1620529408-23) [   ] o.a.s.s.HttpSolrCall [admin] webapp=null path=/admin/info/threads params={wt=json&_=1611547162939} status=0 QTime=63
2021-01-25 03:59:24.710 INFO  (qtp1620529408-21) [   ] o.a.s.s.HttpSolrCall [admin] webapp=null path=/admin/cores params={indexInfo=false&wt=json&_=1611546985733} status=0 QTime=0
2021-01-25 03:59:24.717 INFO  (qtp1620529408-21) [   ] o.a.s.s.HttpSolrCall [admin] webapp=null path=/admin/info/system params={wt=json&_=1611546985734} status=0 QTime=5
2021-01-25 03:59:24.726 INFO  (qtp1620529408-23) [   ] o.a.s.s.HttpSolrCall [admin] webapp=null path=/admin/info/logging params={wt=json&_=1611547164691&since=0} status=0 QTime=6
2021-01-25 03:59:26.811 INFO  (qtp1620529408-39) [   ] o.a.s.s.HttpSolrCall [admin] webapp=null path=/admin/cores params={indexInfo=false&wt=json&_=1611546985733} status=0 QTime=0
2021-01-25 03:59:26.815 INFO  (qtp1620529408-21) [   ] o.a.s.s.HttpSolrCall [admin] webapp=null path=/admin/info/system params={wt=json&_=1611546985734} status=0 QTime=3
2021-01-25 03:59:26.822 INFO  (qtp1620529408-20) [   ] o.a.s.s.HttpSolrCall [admin] webapp=null path=/admin/info/system params={wt=json&_=1611546985734} status=0 QTime=4
2021-01-25 03:59:37.511 INFO  (qtp1620529408-20) [   ] o.a.s.s.HttpSolrCall [admin] webapp=null path=/admin/cores params={indexInfo=false&wt=json&_=1611546985733} status=0 QTime=0
2021-01-25 03:59:37.521 INFO  (qtp1620529408-23) [   ] o.a.s.s.HttpSolrCall [admin] webapp=null path=/admin/info/system params={wt=json&_=1611546985734} status=0 QTime=4
2021-01-25 03:59:37.524 INFO  (qtp1620529408-20) [   x:solrnew] o.a.s.c.S.Request [solrnew]  webapp=/solr path=/admin/luke params={numTerms=0&show=index&wt=json&_=1611547177495} status=0 QTime=2
2021-01-25 03:59:37.526 INFO  (qtp1620529408-39) [   x:solrnew] o.a.s.c.S.Request [solrnew]  webapp=/solr path=/replication params={wt=json&command=details&_=1611547177496} status=0 QTime=0
2021-01-25 03:59:37.532 INFO  (qtp1620529408-39) [   x:solrnew] o.a.s.c.S.Request [solrnew]  webapp=/solr path=/admin/system params={wt=json&_=1611547177496} status=0 QTime=3
2021-01-25 03:59:37.535 INFO  (qtp1620529408-21) [   x:solrnew] o.a.s.c.S.Request [solrnew]  webapp=/solr path=/admin/ping params={action=status&wt=json&_=1611546985734&ts=1611546985734} status=503 QTime=0
2021-01-25 03:59:47.572 INFO  (qtp1620529408-39) [   ] o.a.s.s.HttpSolrCall [admin] webapp=null path=/admin/cores params={indexInfo=false&wt=json&_=1611546985733} status=0 QTime=0
2021-01-25 03:59:47.575 INFO  (qtp1620529408-20) [   ] o.a.s.s.HttpSolrCall [admin] webapp=null path=/admin/info/system params={wt=json&_=1611546985734} status=0 QTime=2
2021-01-25 03:59:47.580 INFO  (qtp1620529408-23) [   x:solrnew] o.a.s.c.S.Request [solrnew]  webapp=/solr path=/admin/luke params={show=schema&wt=json&_=1611547177495} status=0 QTime=3
2021-01-25 03:59:48.362 INFO  (qtp1620529408-23) [   ] o.a.s.s.HttpSolrCall [admin] webapp=null path=/admin/cores params={indexInfo=false&wt=json&_=1611546985733} status=0 QTime=0
2021-01-25 03:59:48.367 INFO  (qtp1620529408-23) [   ] o.a.s.s.HttpSolrCall [admin] webapp=null path=/admin/info/system params={wt=json&_=1611546985734} status=0 QTime=4
2021-01-25 04:00:20.584 INFO  (qtp1620529408-23) [   x:solrnew] o.a.s.c.S.Request [solrnew]  webapp=/solr path=/select params={q=*:*+apple&_=1611547188332} hits=1 status=0 QTime=87
2021-01-25 04:00:54.086 INFO  (qtp1620529408-23) [   x:solrnew] o.a.s.c.S.Request [solrnew]  webapp=/solr path=/select params={q=apple&_=1611547188332} hits=0 status=0 QTime=0
2021-01-25 04:01:54.265 INFO  (qtp1620529408-40) [   x:solrnew] o.a.s.c.S.Request [solrnew]  webapp=/solr path=/select params={q=website&_=1611547188332} hits=1 status=0 QTime=9
2021-01-25 04:15:32.142 INFO  (qtp1620529408-50) [   ] o.a.s.s.HttpSolrCall [admin] webapp=null path=/admin/cores params={indexInfo=false&wt=json&_=1611359624577} status=0 QTime=0
2021-01-25 04:15:32.146 INFO  (qtp1620529408-20) [   ] o.a.s.s.HttpSolrCall [admin] webapp=null path=/admin/info/system params={wt=json&_=1611359624578} status=0 QTime=3
2021-01-25 04:15:32.157 INFO  (qtp1620529408-23) [   ] o.a.s.s.HttpSolrCall [admin] webapp=null path=/admin/info/system params={wt=json&_=1611359624578} status=0 QTime=4
2021-01-25 04:15:34.297 INFO  (qtp1620529408-20) [   ] o.a.s.s.HttpSolrCall [admin] webapp=null path=/admin/cores params={indexInfo=false&wt=json&_=1611359624577} status=0 QTime=0
2021-01-25 04:15:34.300 INFO  (qtp1620529408-55) [   ] o.a.s.s.HttpSolrCall [admin] webapp=null path=/admin/info/system params={wt=json&_=1611359624578} status=0 QTime=2
2021-01-25 04:15:34.306 INFO  (qtp1620529408-50) [   ] o.a.s.s.HttpSolrCall [admin] webapp=null path=/admin/cores params={wt=json&_=1611359624577} status=0 QTime=2
2021-01-25 04:15:34.350 INFO  (qtp1620529408-55) [   ] o.a.s.s.HttpSolrCall [admin] webapp=null path=/admin/cores params={indexInfo=false&wt=json&_=1611359624577} status=0 QTime=0
2021-01-25 04:15:34.360 INFO  (qtp1620529408-50) [   ] o.a.s.s.HttpSolrCall [admin] webapp=null path=/admin/info/system params={wt=json&_=1611359624578} status=0 QTime=4
2021-01-25 04:15:34.366 INFO  (qtp1620529408-23) [   ] o.a.s.s.HttpSolrCall [admin] webapp=null path=/admin/cores params={wt=json&_=1611359624577} status=0 QTime=3
2021-01-25 04:15:35.907 INFO  (qtp1620529408-20) [   ] o.a.s.s.HttpSolrCall [admin] webapp=null path=/admin/cores params={indexInfo=false&wt=json&_=1611359624577} status=0 QTime=0
2021-01-25 04:15:35.912 INFO  (qtp1620529408-55) [   ] o.a.s.s.HttpSolrCall [admin] webapp=null path=/admin/info/system params={wt=json&_=1611359624578} status=0 QTime=5
2021-01-25 04:15:35.913 INFO  (qtp1620529408-23) [   ] o.a.s.s.HttpSolrCall [admin] webapp=null path=/admin/cores params={wt=json&_=1611359624577} status=0 QTime=3
2021-01-25 04:15:36.661 INFO  (qtp1620529408-50) [   ] o.a.s.s.HttpSolrCall [admin] webapp=null path=/admin/cores params={indexInfo=false&wt=json&_=1611359624577} status=0 QTime=0
2021-01-25 04:15:36.665 INFO  (qtp1620529408-15) [   ] o.a.s.s.HttpSolrCall [admin] webapp=null path=/admin/info/system params={wt=json&_=1611359624578} status=0 QTime=4
2021-01-25 04:15:36.671 INFO  (qtp1620529408-23) [   ] o.a.s.s.HttpSolrCall [admin] webapp=null path=/admin/cores params={wt=json&_=1611359624577} status=0 QTime=4
2021-01-25 04:15:38.000 INFO  (qtp1620529408-50) [   ] o.a.s.s.HttpSolrCall [admin] webapp=null path=/admin/cores params={indexInfo=false&wt=json&_=1611359624577} status=0 QTime=0
2021-01-25 04:15:38.005 INFO  (qtp1620529408-23) [   ] o.a.s.s.HttpSolrCall [admin] webapp=null path=/admin/cores params={wt=json&_=1611359624577} status=0 QTime=3
2021-01-25 04:15:38.008 INFO  (qtp1620529408-55) [   ] o.a.s.s.HttpSolrCall [admin] webapp=null path=/admin/info/system params={wt=json&_=1611359624578} status=0 QTime=6
2021-01-25 04:15:38.875 INFO  (qtp1620529408-50) [   ] o.a.s.s.HttpSolrCall [admin] webapp=null path=/admin/cores params={indexInfo=false&wt=json&_=1611359624577} status=0 QTime=0
2021-01-25 04:15:38.877 INFO  (qtp1620529408-23) [   ] o.a.s.s.HttpSolrCall [admin] webapp=null path=/admin/cores params={wt=json&_=1611359624577} status=0 QTime=2
2021-01-25 04:15:38.878 INFO  (qtp1620529408-15) [   ] o.a.s.s.HttpSolrCall [admin] webapp=null path=/admin/info/system params={wt=json&_=1611359624578} status=0 QTime=3
2021-01-25 04:15:43.139 INFO  (qtp1620529408-39) [   ] o.a.s.s.HttpSolrCall [admin] webapp=null path=/admin/cores params={indexInfo=false&wt=json&_=1611359624577} status=0 QTime=0
2021-01-25 04:15:43.144 INFO  (qtp1620529408-55) [   ] o.a.s.s.HttpSolrCall [admin] webapp=null path=/admin/cores params={wt=json&_=1611359624577} status=0 QTime=2
2021-01-25 04:15:43.146 INFO  (qtp1620529408-39) [   ] o.a.s.s.HttpSolrCall [admin] webapp=null path=/admin/info/system params={wt=json&_=1611359624578} status=0 QTime=3
2021-01-25 04:15:43.977 INFO  (qtp1620529408-15) [   ] o.a.s.s.HttpSolrCall [admin] webapp=null path=/admin/cores params={indexInfo=false&wt=json&_=1611359624577} status=0 QTime=0
2021-01-25 04:15:43.979 INFO  (qtp1620529408-55) [   ] o.a.s.s.HttpSolrCall [admin] webapp=null path=/admin/cores params={wt=json&_=1611359624577} status=0 QTime=1
2021-01-25 04:15:43.980 INFO  (qtp1620529408-23) [   ] o.a.s.s.HttpSolrCall [admin] webapp=null path=/admin/info/system params={wt=json&_=1611359624578} status=0 QTime=3
2021-01-25 04:15:44.753 INFO  (qtp1620529408-50) [   ] o.a.s.s.HttpSolrCall [admin] webapp=null path=/admin/cores params={indexInfo=false&wt=json&_=1611359624577} status=0 QTime=0
2021-01-25 04:15:44.756 INFO  (qtp1620529408-39) [   ] o.a.s.s.HttpSolrCall [admin] webapp=null path=/admin/cores params={wt=json&_=1611359624577} status=0 QTime=2
2021-01-25 04:15:44.757 INFO  (qtp1620529408-23) [   ] o.a.s.s.HttpSolrCall [admin] webapp=null path=/admin/info/system params={wt=json&_=1611359624578} status=0 QTime=3
2021-01-25 04:15:45.494 INFO  (qtp1620529408-50) [   ] o.a.s.s.HttpSolrCall [admin] webapp=null path=/admin/cores params={indexInfo=false&wt=json&_=1611359624577} status=0 QTime=0
2021-01-25 04:15:45.499 INFO  (qtp1620529408-55) [   ] o.a.s.s.HttpSolrCall [admin] webapp=null path=/admin/info/system params={wt=json&_=1611359624578} status=0 QTime=2
2021-01-25 04:15:45.502 INFO  (qtp1620529408-23) [   ] o.a.s.s.HttpSolrCall [admin] webapp=null path=/admin/cores params={wt=json&_=1611359624577} status=0 QTime=5
2021-01-25 04:15:46.110 INFO  (qtp1620529408-39) [   ] o.a.s.s.HttpSolrCall [admin] webapp=null path=/admin/cores params={indexInfo=false&wt=json&_=1611359624577} status=0 QTime=0
2021-01-25 04:15:46.112 INFO  (qtp1620529408-23) [   ] o.a.s.s.HttpSolrCall [admin] webapp=null path=/admin/cores params={wt=json&_=1611359624577} status=0 QTime=1
2021-01-25 04:15:46.112 INFO  (qtp1620529408-50) [   ] o.a.s.s.HttpSolrCall [admin] webapp=null path=/admin/info/system params={wt=json&_=1611359624578} status=0 QTime=2
2021-01-25 04:16:53.600 INFO  (qtp1620529408-55) [   ] o.a.s.s.HttpSolrCall [admin] webapp=null path=/admin/cores params={indexInfo=false&wt=json&_=1611546985733} status=0 QTime=0
2021-01-25 04:16:53.602 INFO  (qtp1620529408-39) [   ] o.a.s.s.HttpSolrCall [admin] webapp=null path=/admin/cores params={wt=json&_=1611546985733} status=0 QTime=1
2021-01-25 04:16:53.604 INFO  (qtp1620529408-23) [   ] o.a.s.s.HttpSolrCall [admin] webapp=null path=/admin/info/system params={wt=json&_=1611546985734} status=0 QTime=3
2021-01-25 04:16:53.665 INFO  (qtp1620529408-39) [   ] o.a.s.s.HttpSolrCall [admin] webapp=null path=/admin/cores params={indexInfo=false&wt=json&_=1611546985733} status=0 QTime=0
2021-01-25 04:16:53.668 INFO  (qtp1620529408-50) [   ] o.a.s.s.HttpSolrCall [admin] webapp=null path=/admin/cores params={wt=json&_=1611546985733} status=0 QTime=1
2021-01-25 04:16:53.669 INFO  (qtp1620529408-23) [   ] o.a.s.s.HttpSolrCall [admin] webapp=null path=/admin/info/system params={wt=json&_=1611546985734} status=0 QTime=2
2021-01-25 04:16:58.040 INFO  (qtp1620529408-55) [   ] o.a.s.s.HttpSolrCall [admin] webapp=null path=/admin/cores params={indexInfo=false&wt=json&_=1611546985733} status=0 QTime=0
2021-01-25 04:16:58.045 INFO  (qtp1620529408-39) [   ] o.a.s.s.HttpSolrCall [admin] webapp=null path=/admin/info/system params={wt=json&_=1611546985734} status=0 QTime=3
2021-01-25 04:16:58.047 INFO  (qtp1620529408-50) [   ] o.a.s.s.HttpSolrCall [admin] webapp=null path=/admin/cores params={wt=json&_=1611546985733} status=0 QTime=2
2021-01-25 04:16:58.907 INFO  (qtp1620529408-23) [   ] o.a.s.s.HttpSolrCall [admin] webapp=null path=/admin/cores params={indexInfo=false&wt=json&_=1611546985733} status=0 QTime=0
2021-01-25 04:16:58.914 INFO  (qtp1620529408-55) [   ] o.a.s.s.HttpSolrCall [admin] webapp=null path=/admin/info/system params={wt=json&_=1611546985734} status=0 QTime=4
2021-01-25 04:16:58.923 INFO  (qtp1620529408-50) [   ] o.a.s.s.HttpSolrCall [admin] webapp=null path=/admin/cores params={wt=json&_=1611546985733} status=0 QTime=4
2021-01-25 04:16:59.900 INFO  (qtp1620529408-55) [   ] o.a.s.s.HttpSolrCall [admin] webapp=null path=/admin/cores params={indexInfo=false&wt=json&_=1611546985733} status=0 QTime=0
2021-01-25 04:16:59.906 INFO  (qtp1620529408-23) [   ] o.a.s.s.HttpSolrCall [admin] webapp=null path=/admin/info/system params={wt=json&_=1611546985734} status=0 QTime=5
2021-01-25 04:16:59.906 INFO  (qtp1620529408-39) [   ] o.a.s.s.HttpSolrCall [admin] webapp=null path=/admin/cores params={wt=json&_=1611546985733} status=0 QTime=2
2021-01-25 04:17:00.781 INFO  (qtp1620529408-55) [   ] o.a.s.s.HttpSolrCall [admin] webapp=null path=/admin/cores params={indexInfo=false&wt=json&_=1611546985733} status=0 QTime=0
2021-01-25 04:17:00.784 INFO  (qtp1620529408-50) [   ] o.a.s.s.HttpSolrCall [admin] webapp=null path=/admin/cores params={wt=json&_=1611546985733} status=0 QTime=2
2021-01-25 04:17:00.785 INFO  (qtp1620529408-39) [   ] o.a.s.s.HttpSolrCall [admin] webapp=null path=/admin/info/system params={wt=json&_=1611546985734} status=0 QTime=3
2021-01-25 04:17:03.212 INFO  (qtp1620529408-23) [   ] o.a.s.s.HttpSolrCall [admin] webapp=null path=/admin/cores params={indexInfo=false&wt=json&_=1611546985733} status=0 QTime=0
2021-01-25 04:17:03.213 INFO  (qtp1620529408-39) [   ] o.a.s.s.HttpSolrCall [admin] webapp=null path=/admin/cores params={wt=json&_=1611546985733} status=0 QTime=1
2021-01-25 04:17:03.216 INFO  (qtp1620529408-15) [   ] o.a.s.s.HttpSolrCall [admin] webapp=null path=/admin/info/system params={wt=json&_=1611546985734} status=0 QTime=3
2021-01-25 04:17:04.347 INFO  (qtp1620529408-55) [   ] o.a.s.s.HttpSolrCall [admin] webapp=null path=/admin/cores params={indexInfo=false&wt=json&_=1611546985733} status=0 QTime=0
2021-01-25 04:17:04.351 INFO  (qtp1620529408-39) [   ] o.a.s.s.HttpSolrCall [admin] webapp=null path=/admin/cores params={wt=json&_=1611546985733} status=0 QTime=2
2021-01-25 04:17:04.351 INFO  (qtp1620529408-23) [   ] o.a.s.s.HttpSolrCall [admin] webapp=null path=/admin/info/system params={wt=json&_=1611546985734} status=0 QTime=3
2021-01-25 04:17:43.392 INFO  (qtp1620529408-15) [   ] o.a.s.s.HttpSolrCall [admin] webapp=null path=/admin/info/system params={wt=json} status=0 QTime=1
2021-01-25 04:21:21.882 INFO  (qtp1620529408-50) [   x:solrnew] o.a.s.u.p.LogUpdateProcessorFactory [solrnew]  webapp=/solr path=/update/extract params={literal.id=https://factorpad.com/tech/solr/index.html&literal.url=https://factorpad.com/tech/solr/index.html}{add=[https://factorpad.com/tech/solr/index.html (1689831060929511424)]} 0 31
2021-01-25 04:21:31.960 INFO  (searcherExecutor-27-thread-1-processing-x:solrnew) [   x:solrnew] o.a.s.c.QuerySenderListener QuerySenderListener done.
2021-01-25 04:21:31.964 INFO  (searcherExecutor-27-thread-1-processing-x:solrnew) [   x:solrnew] o.a.s.c.SolrCore [solrnew]  Registered new searcher autowarm time: 0 ms
2021-01-25 04:21:31.969 INFO  (qtp1620529408-15) [   x:solrnew] o.a.s.u.p.LogUpdateProcessorFactory [solrnew]  webapp=/solr path=/update/extract params={commit=true}{commit=} 0 79
2021-01-25 04:24:23.698 INFO  (qtp1620529408-40) [   x:solrhelp] o.a.s.c.S.Request [solrhelp]  webapp=/solr path=/schema/fields params={} status=0 QTime=1
2021-01-25 04:25:09.965 INFO  (qtp1620529408-23) [   x:solrnew] o.a.s.c.S.Request [solrnew]  webapp=/solr path=/schema/fields params={} status=0 QTime=0
